<?xml version="1.0" encoding="UTF-8"?>
<!-- Generated by org.testng.reporters.JUnitReportReporter -->
<testsuite hostname="Tushar" failures="0" tests="6" name="basics.invocationcount" time="0.010" errors="0" timestamp="2022-08-11T16:56:14 IST" skipped="0">
  <testcase classname="basics.invocationcount" name="a" time="0.001"/>
  <system-out/>
  <testcase classname="basics.invocationcount" name="a" time="0.001"/>
  <system-out/>
  <testcase classname="basics.invocationcount" name="l" time="0.001"/>
  <system-out/>
  <testcase classname="basics.invocationcount" name="z" time="0.000"/>
  <system-out/>
  <testcase classname="basics.invocationcount" name="a" time="0.006"/>
  <system-out/>
  <testcase classname="basics.invocationcount" name="b" time="0.001"/>
  <system-out/>
</testsuite> <!-- basics.invocationcount -->
