<?xml version="1.0" encoding="UTF-8"?>
<!-- Generated by org.testng.reporters.JUnitReportReporter -->
<testsuite hostname="Tushar" failures="0" tests="1" name="basics.TestAnnotation" time="0.007" errors="0" timestamp="2022-08-11T17:22:41 IST" skipped="0">
  <testcase classname="basics.TestAnnotation" name="a" time="0.007"/>
  <system-out/>
</testsuite> <!-- basics.TestAnnotation -->
