<?xml version="1.0" encoding="UTF-8"?>
<!-- Generated by org.testng.reporters.JUnitReportReporter -->
<testsuite hostname="Tushar" failures="0" tests="4" name="basics.EnabledFalse" time="0.008" errors="0" timestamp="2022-08-11T16:55:14 IST" skipped="1">
  <testcase classname="basics.EnabledFalse" name="l" time="0.001"/>
  <system-out/>
  <testcase classname="basics.EnabledFalse" name="z" time="0.001"/>
  <system-out/>
  <testcase classname="basics.EnabledFalse" name="a" time="0.006"/>
  <system-out/>
  <testcase classname="basics.EnabledFalse" name="b">
    <skipped/>
  </testcase> <!-- b -->
  <system-out/>
</testsuite> <!-- basics.EnabledFalse -->
