<?xml version="1.0" encoding="UTF-8"?>
<!-- Generated by org.testng.reporters.JUnitReportReporter -->
<testsuite hostname="Tushar" failures="0" tests="4" name="basics.NoPriority" time="0.016" errors="0" timestamp="2022-08-11T16:51:59 IST" skipped="0">
  <testcase classname="basics.NoPriority" name="a" time="0.012"/>
  <system-out/>
  <testcase classname="basics.NoPriority" name="z" time="0.001"/>
  <system-out/>
  <testcase classname="basics.NoPriority" name="b" time="0.002"/>
  <system-out/>
  <testcase classname="basics.NoPriority" name="l" time="0.001"/>
  <system-out/>
</testsuite> <!-- basics.NoPriority -->
