<?xml version="1.0" encoding="UTF-8"?>
<!-- Generated by org.testng.reporters.JUnitReportReporter -->
<testsuite hostname="Tushar" failures="0" tests="4" name="basics.Priority" time="0.010" errors="0" timestamp="2022-08-11T16:54:11 IST" skipped="0">
  <testcase classname="basics.Priority" name="z" time="0.006"/>
  <system-out/>
  <testcase classname="basics.Priority" name="a" time="0.000"/>
  <system-out/>
  <testcase classname="basics.Priority" name="b" time="0.002"/>
  <system-out/>
  <testcase classname="basics.Priority" name="l" time="0.002"/>
  <system-out/>
</testsuite> <!-- basics.Priority -->
