<?xml version="1.0" encoding="UTF-8"?>
<!-- Generated by org.testng.reporters.JUnitReportReporter -->
<testsuite hostname="Tushar" failures="0" tests="2" name="dependsonmethod.AnotherClass" time="0.007" errors="0" timestamp="2022-08-11T19:01:16 IST" skipped="1">
  <testcase classname="dependsonmethod.AnotherClass" name="AAA" time="0.007"/>
  <system-out/>
  <testcase classname="dependsonmethod.AnotherClass" name="BBB" time="0.000">
    <skipped/>
  </testcase> <!-- BBB -->
  <system-out/>
</testsuite> <!-- dependsonmethod.AnotherClass -->
