<?xml version="1.0" encoding="UTF-8"?>
<!-- Generated by org.testng.reporters.JUnitReportReporter -->
<testsuite hostname="Tushar" failures="0" tests="1" name="basics.Basics" time="0.009" errors="0" timestamp="2022-08-11T16:40:01 IST" skipped="0">
  <testcase classname="basics.Basics" name="m1" time="0.009"/>
  <system-out>
    <![CDATA[Hello c++
Hello python]]>
  </system-out>
</testsuite> <!-- basics.Basics -->
